2025-03-23 15:21:42,276 - INFO - Sent: {'symbol': 'MSFT', 'price': 1501.81, 'timestamp': '2025-03-23 15:21:42'}
2025-03-23 15:21:44,279 - INFO - Sent: {'symbol': 'AMZN', 'price': 734.53, 'timestamp': '2025-03-23 15:21:44'}
2025-03-23 15:21:46,282 - INFO - Sent: {'symbol': 'AMZN', 'price': 1695.98, 'timestamp': '2025-03-23 15:21:46'}
2025-03-23 15:21:48,283 - INFO - Sent: {'symbol': 'GOOGL', 'price': 1545.46, 'timestamp': '2025-03-23 15:21:48'}
2025-03-23 15:21:50,284 - INFO - Sent: {'symbol': 'MSFT', 'price': 1700.33, 'timestamp': '2025-03-23 15:21:50'}
2025-03-23 15:21:52,285 - INFO - Sent: {'symbol': 'GOOGL', 'price': 542.34, 'timestamp': '2025-03-23 15:21:52'}
2025-03-23 15:21:54,288 - INFO - Sent: {'symbol': 'MSFT', 'price': 112.1, 'timestamp': '2025-03-23 15:21:54'}
2025-03-23 15:21:56,292 - INFO - Sent: {'symbol': 'TSLA', 'price': 845.41, 'timestamp': '2025-03-23 15:21:56'}
2025-03-23 15:21:58,295 - INFO - Sent: {'symbol': 'AMZN', 'price': 787.91, 'timestamp': '2025-03-23 15:21:58'}
2025-03-23 15:22:00,297 - INFO - Sent: {'symbol': 'AAPL', 'price': 1213.65, 'timestamp': '2025-03-23 15:22:00'}
2025-03-23 15:22:02,298 - INFO - Sent: {'symbol': 'GOOGL', 'price': 1812.47, 'timestamp': '2025-03-23 15:22:02'}
2025-03-23 15:22:04,301 - INFO - Sent: {'symbol': 'AMZN', 'price': 1519.04, 'timestamp': '2025-03-23 15:22:04'}
2025-03-23 15:22:06,303 - INFO - Sent: {'symbol': 'GOOGL', 'price': 655.47, 'timestamp': '2025-03-23 15:22:06'}
2025-03-23 15:22:08,304 - INFO - Sent: {'symbol': 'AAPL', 'price': 323.38, 'timestamp': '2025-03-23 15:22:08'}
2025-03-23 15:22:10,307 - INFO - Sent: {'symbol': 'GOOGL', 'price': 662.66, 'timestamp': '2025-03-23 15:22:10'}
2025-03-23 15:22:12,309 - INFO - Sent: {'symbol': 'AAPL', 'price': 1578.28, 'timestamp': '2025-03-23 15:22:12'}
2025-03-23 15:22:14,312 - INFO - Sent: {'symbol': 'AMZN', 'price': 1974.48, 'timestamp': '2025-03-23 15:22:14'}
2025-03-23 15:22:16,314 - INFO - Sent: {'symbol': 'TSLA', 'price': 1255.5, 'timestamp': '2025-03-23 15:22:16'}
2025-03-23 15:22:18,316 - INFO - Sent: {'symbol': 'AAPL', 'price': 953.89, 'timestamp': '2025-03-23 15:22:18'}
2025-03-23 15:22:20,318 - INFO - Sent: {'symbol': 'AMZN', 'price': 265.42, 'timestamp': '2025-03-23 15:22:20'}
2025-03-23 15:22:22,320 - INFO - Sent: {'symbol': 'AMZN', 'price': 622.87, 'timestamp': '2025-03-23 15:22:22'}
2025-03-23 15:22:24,322 - INFO - Sent: {'symbol': 'TSLA', 'price': 1666.13, 'timestamp': '2025-03-23 15:22:24'}
2025-03-23 15:22:26,323 - INFO - Sent: {'symbol': 'MSFT', 'price': 507.61, 'timestamp': '2025-03-23 15:22:26'}
2025-03-23 15:22:28,325 - INFO - Sent: {'symbol': 'AMZN', 'price': 1042.39, 'timestamp': '2025-03-23 15:22:28'}
2025-03-23 15:22:30,327 - INFO - Sent: {'symbol': 'AMZN', 'price': 189.82, 'timestamp': '2025-03-23 15:22:30'}
2025-03-23 15:22:32,332 - INFO - Sent: {'symbol': 'AMZN', 'price': 837.4, 'timestamp': '2025-03-23 15:22:32'}
2025-03-23 15:22:34,336 - INFO - Sent: {'symbol': 'TSLA', 'price': 1904.77, 'timestamp': '2025-03-23 15:22:34'}
2025-03-23 15:22:36,342 - INFO - Sent: {'symbol': 'AMZN', 'price': 1327.68, 'timestamp': '2025-03-23 15:22:36'}
2025-03-23 15:22:38,343 - INFO - Sent: {'symbol': 'AMZN', 'price': 428.94, 'timestamp': '2025-03-23 15:22:38'}
2025-03-23 15:22:40,345 - INFO - Sent: {'symbol': 'GOOGL', 'price': 982.91, 'timestamp': '2025-03-23 15:22:40'}
2025-03-23 15:22:42,347 - INFO - Sent: {'symbol': 'AAPL', 'price': 254.73, 'timestamp': '2025-03-23 15:22:42'}
2025-03-23 15:22:44,349 - INFO - Sent: {'symbol': 'TSLA', 'price': 585.31, 'timestamp': '2025-03-23 15:22:44'}
2025-03-23 15:22:46,351 - INFO - Sent: {'symbol': 'GOOGL', 'price': 1044.46, 'timestamp': '2025-03-23 15:22:46'}
2025-03-23 15:22:48,353 - INFO - Sent: {'symbol': 'MSFT', 'price': 908.68, 'timestamp': '2025-03-23 15:22:48'}
2025-03-23 15:22:50,355 - INFO - Sent: {'symbol': 'TSLA', 'price': 1960.36, 'timestamp': '2025-03-23 15:22:50'}
2025-03-23 15:22:52,357 - INFO - Sent: {'symbol': 'AAPL', 'price': 1705.76, 'timestamp': '2025-03-23 15:22:52'}
2025-03-23 15:22:54,358 - INFO - Sent: {'symbol': 'MSFT', 'price': 1245.62, 'timestamp': '2025-03-23 15:22:54'}
2025-03-23 15:22:56,360 - INFO - Sent: {'symbol': 'AAPL', 'price': 1338.84, 'timestamp': '2025-03-23 15:22:56'}
2025-03-23 15:22:58,361 - INFO - Sent: {'symbol': 'AMZN', 'price': 1737.99, 'timestamp': '2025-03-23 15:22:58'}
2025-03-23 15:23:00,363 - INFO - Sent: {'symbol': 'TSLA', 'price': 969.46, 'timestamp': '2025-03-23 15:23:00'}
2025-03-23 15:23:02,366 - INFO - Sent: {'symbol': 'TSLA', 'price': 560.55, 'timestamp': '2025-03-23 15:23:02'}
2025-03-23 15:23:04,373 - INFO - Sent: {'symbol': 'AAPL', 'price': 193.58, 'timestamp': '2025-03-23 15:23:04'}
2025-03-23 15:23:06,375 - INFO - Sent: {'symbol': 'MSFT', 'price': 218.36, 'timestamp': '2025-03-23 15:23:06'}
2025-03-23 15:23:08,377 - INFO - Sent: {'symbol': 'TSLA', 'price': 237.15, 'timestamp': '2025-03-23 15:23:08'}
2025-03-23 15:23:10,379 - INFO - Sent: {'symbol': 'TSLA', 'price': 1117.19, 'timestamp': '2025-03-23 15:23:10'}
2025-03-23 15:23:12,381 - INFO - Sent: {'symbol': 'AAPL', 'price': 1874.81, 'timestamp': '2025-03-23 15:23:12'}
2025-03-23 15:23:14,382 - INFO - Sent: {'symbol': 'MSFT', 'price': 655.2, 'timestamp': '2025-03-23 15:23:14'}
2025-03-23 15:23:16,385 - INFO - Sent: {'symbol': 'TSLA', 'price': 1926.44, 'timestamp': '2025-03-23 15:23:16'}
2025-03-23 15:23:18,387 - INFO - Sent: {'symbol': 'AAPL', 'price': 1201.46, 'timestamp': '2025-03-23 15:23:18'}
2025-03-23 15:23:20,390 - INFO - Sent: {'symbol': 'TSLA', 'price': 366.21, 'timestamp': '2025-03-23 15:23:20'}
2025-03-23 15:23:22,392 - INFO - Sent: {'symbol': 'MSFT', 'price': 520.41, 'timestamp': '2025-03-23 15:23:22'}
2025-03-23 15:23:24,394 - INFO - Sent: {'symbol': 'AAPL', 'price': 311.79, 'timestamp': '2025-03-23 15:23:24'}
2025-03-23 15:23:26,397 - INFO - Sent: {'symbol': 'AAPL', 'price': 1678.74, 'timestamp': '2025-03-23 15:23:26'}
2025-03-23 15:23:28,399 - INFO - Sent: {'symbol': 'AAPL', 'price': 328.92, 'timestamp': '2025-03-23 15:23:28'}
2025-03-23 15:23:30,401 - INFO - Sent: {'symbol': 'AMZN', 'price': 1626.15, 'timestamp': '2025-03-23 15:23:30'}
2025-03-23 15:23:32,402 - INFO - Sent: {'symbol': 'AAPL', 'price': 1687.06, 'timestamp': '2025-03-23 15:23:32'}
2025-03-23 15:23:34,405 - INFO - Sent: {'symbol': 'AAPL', 'price': 331.6, 'timestamp': '2025-03-23 15:23:34'}
2025-03-23 15:23:36,407 - INFO - Sent: {'symbol': 'AMZN', 'price': 1015.15, 'timestamp': '2025-03-23 15:23:36'}
2025-03-23 15:23:38,408 - INFO - Sent: {'symbol': 'AAPL', 'price': 1363.9, 'timestamp': '2025-03-23 15:23:38'}
2025-03-23 15:23:40,411 - INFO - Sent: {'symbol': 'AAPL', 'price': 1466.82, 'timestamp': '2025-03-23 15:23:40'}
2025-03-23 15:23:42,413 - INFO - Sent: {'symbol': 'AMZN', 'price': 1052.28, 'timestamp': '2025-03-23 15:23:42'}
2025-03-23 15:23:44,415 - INFO - Sent: {'symbol': 'GOOGL', 'price': 591.0, 'timestamp': '2025-03-23 15:23:44'}
2025-03-23 15:23:46,418 - INFO - Sent: {'symbol': 'AAPL', 'price': 697.04, 'timestamp': '2025-03-23 15:23:46'}
2025-03-23 15:23:48,420 - INFO - Sent: {'symbol': 'GOOGL', 'price': 1901.02, 'timestamp': '2025-03-23 15:23:48'}
2025-03-23 15:23:50,422 - INFO - Sent: {'symbol': 'MSFT', 'price': 1680.49, 'timestamp': '2025-03-23 15:23:50'}
2025-03-23 15:23:52,423 - INFO - Sent: {'symbol': 'AAPL', 'price': 491.85, 'timestamp': '2025-03-23 15:23:52'}
2025-03-23 15:23:54,425 - INFO - Sent: {'symbol': 'GOOGL', 'price': 849.94, 'timestamp': '2025-03-23 15:23:54'}
2025-03-23 15:23:56,428 - INFO - Sent: {'symbol': 'AAPL', 'price': 1969.78, 'timestamp': '2025-03-23 15:23:56'}
2025-03-23 15:23:58,429 - INFO - Sent: {'symbol': 'MSFT', 'price': 729.36, 'timestamp': '2025-03-23 15:23:58'}
2025-03-23 15:24:00,430 - INFO - Sent: {'symbol': 'MSFT', 'price': 1352.55, 'timestamp': '2025-03-23 15:24:00'}
2025-03-23 15:24:02,433 - INFO - Sent: {'symbol': 'AMZN', 'price': 1452.02, 'timestamp': '2025-03-23 15:24:02'}
2025-03-23 15:24:04,435 - INFO - Sent: {'symbol': 'TSLA', 'price': 1303.15, 'timestamp': '2025-03-23 15:24:04'}
2025-03-23 15:24:06,437 - INFO - Sent: {'symbol': 'TSLA', 'price': 654.46, 'timestamp': '2025-03-23 15:24:06'}
2025-03-23 15:24:08,439 - INFO - Sent: {'symbol': 'GOOGL', 'price': 1132.26, 'timestamp': '2025-03-23 15:24:08'}
2025-03-23 15:24:10,441 - INFO - Sent: {'symbol': 'GOOGL', 'price': 1475.05, 'timestamp': '2025-03-23 15:24:10'}
2025-03-23 15:24:12,443 - INFO - Sent: {'symbol': 'AAPL', 'price': 1552.41, 'timestamp': '2025-03-23 15:24:12'}
2025-03-23 15:24:14,446 - INFO - Sent: {'symbol': 'TSLA', 'price': 1884.19, 'timestamp': '2025-03-23 15:24:14'}
2025-03-23 15:24:16,448 - INFO - Sent: {'symbol': 'MSFT', 'price': 407.15, 'timestamp': '2025-03-23 15:24:16'}
2025-03-23 15:24:18,450 - INFO - Sent: {'symbol': 'AMZN', 'price': 151.47, 'timestamp': '2025-03-23 15:24:18'}
2025-03-23 15:24:20,453 - INFO - Sent: {'symbol': 'MSFT', 'price': 1481.5, 'timestamp': '2025-03-23 15:24:20'}
2025-03-23 15:24:22,455 - INFO - Sent: {'symbol': 'MSFT', 'price': 1942.38, 'timestamp': '2025-03-23 15:24:22'}
2025-03-23 15:24:24,457 - INFO - Sent: {'symbol': 'AAPL', 'price': 717.67, 'timestamp': '2025-03-23 15:24:24'}
2025-03-23 15:24:26,460 - INFO - Sent: {'symbol': 'GOOGL', 'price': 912.94, 'timestamp': '2025-03-23 15:24:26'}
2025-03-23 15:24:28,462 - INFO - Sent: {'symbol': 'MSFT', 'price': 423.45, 'timestamp': '2025-03-23 15:24:28'}
2025-03-23 15:24:30,465 - INFO - Sent: {'symbol': 'AAPL', 'price': 1840.14, 'timestamp': '2025-03-23 15:24:30'}
2025-03-23 15:24:32,467 - INFO - Sent: {'symbol': 'MSFT', 'price': 175.12, 'timestamp': '2025-03-23 15:24:32'}
2025-03-23 15:24:34,470 - INFO - Sent: {'symbol': 'GOOGL', 'price': 1131.07, 'timestamp': '2025-03-23 15:24:34'}
2025-03-23 15:24:36,472 - INFO - Sent: {'symbol': 'AMZN', 'price': 1876.02, 'timestamp': '2025-03-23 15:24:36'}
2025-03-23 15:24:38,474 - INFO - Sent: {'symbol': 'TSLA', 'price': 956.31, 'timestamp': '2025-03-23 15:24:38'}
2025-03-23 15:24:40,477 - INFO - Sent: {'symbol': 'MSFT', 'price': 1212.83, 'timestamp': '2025-03-23 15:24:40'}
2025-03-23 15:24:42,479 - INFO - Sent: {'symbol': 'GOOGL', 'price': 505.02, 'timestamp': '2025-03-23 15:24:42'}
2025-03-23 15:24:44,481 - INFO - Sent: {'symbol': 'TSLA', 'price': 1377.96, 'timestamp': '2025-03-23 15:24:44'}
